2023-07-06 14:20:59,070 - INFO - ********** press 1 for counsellor **********
2023-07-06 14:20:59,070 - INFO - ********** press 2 for faculty    **********
2023-07-06 14:20:59,070 - INFO - ********** press 3 for student    **********
2023-07-06 14:20:59,070 - INFO - ********** press 4 for Exit       **********
2023-07-06 14:21:00,517 - INFO - 1. add student
2023-07-06 14:21:00,518 - INFO - 2. Remove student
2023-07-06 14:21:00,518 - INFO - 3. View All student
2023-07-06 14:21:00,518 - INFO - 4. View Specific Student
2023-07-06 14:21:42,350 - INFO - Student data entered successfully.
2023-07-06 14:21:43,788 - INFO - ********** press 1 for counsellor **********
2023-07-06 14:21:43,788 - INFO - ********** press 2 for faculty    **********
2023-07-06 14:21:43,789 - INFO - ********** press 3 for student    **********
2023-07-06 14:21:43,789 - INFO - ********** press 4 for Exit       **********
2023-07-06 14:21:50,841 - INFO - Thank You For Using Our System 
2023-07-06 14:23:46,975 - INFO - ********** press 1 for counsellor **********
2023-07-06 14:23:46,975 - INFO - ********** press 2 for faculty    **********
2023-07-06 14:23:46,976 - INFO - ********** press 3 for student    **********
2023-07-06 14:23:46,976 - INFO - ********** press 4 for Exit       **********
2023-07-06 14:23:49,172 - INFO - 1. add student
2023-07-06 14:23:49,172 - INFO - 2. Remove student
2023-07-06 14:23:49,172 - INFO - 3. View All student
2023-07-06 14:23:49,172 - INFO - 4. View Specific Student
2023-07-06 14:24:20,552 - INFO - Student data entered successfully.
2023-07-06 14:24:49,372 - INFO - ********** press 1 for counsellor **********
2023-07-06 14:24:49,373 - INFO - ********** press 2 for faculty    **********
2023-07-06 14:24:49,373 - INFO - ********** press 3 for student    **********
2023-07-06 14:24:49,373 - INFO - ********** press 4 for Exit       **********
2023-07-06 14:24:50,710 - INFO - Thank You For Using Our System 
2023-07-06 14:59:15,261 - INFO - ********** press 1 for counsellor **********
2023-07-06 14:59:15,262 - INFO - ********** press 2 for faculty    **********
2023-07-06 14:59:15,262 - INFO - ********** press 3 for student    **********
2023-07-06 14:59:15,263 - INFO - ********** press 4 for Exit       **********
2023-07-06 15:00:23,323 - INFO - ********** press 1 for counsellor **********
2023-07-06 15:00:23,325 - INFO - ********** press 2 for faculty    **********
2023-07-06 15:00:23,325 - INFO - ********** press 3 for student    **********
2023-07-06 15:00:23,325 - INFO - ********** press 4 for Exit       **********
2023-07-06 15:00:26,443 - INFO - 1. add student
2023-07-06 15:00:26,443 - INFO - 2. Remove student
2023-07-06 15:00:26,443 - INFO - 3. View All student
2023-07-06 15:00:26,443 - INFO - 4. View Specific Student
2023-07-06 15:01:05,752 - WARNING - entered serial number doesnot exsist
2023-07-06 15:01:07,853 - INFO - ********** press 1 for counsellor **********
2023-07-06 15:01:07,854 - INFO - ********** press 2 for faculty    **********
2023-07-06 15:01:07,854 - INFO - ********** press 3 for student    **********
2023-07-06 15:01:07,855 - INFO - ********** press 4 for Exit       **********
2023-07-06 15:01:10,198 - INFO - 1. add student
2023-07-06 15:01:10,199 - INFO - 2. Remove student
2023-07-06 15:01:10,200 - INFO - 3. View All student
2023-07-06 15:01:10,200 - INFO - 4. View Specific Student
2023-07-06 15:01:11,851 - INFO - View all student data
2023-07-06 15:01:11,851 - INFO - {}
2023-07-06 15:01:21,872 - INFO - ********** press 1 for counsellor **********
2023-07-06 15:01:21,873 - INFO - ********** press 2 for faculty    **********
2023-07-06 15:01:21,874 - INFO - ********** press 3 for student    **********
2023-07-06 15:01:21,874 - INFO - ********** press 4 for Exit       **********
2023-07-06 15:01:23,230 - INFO - Thank You For Using Our System 
